2020-07-07T14:06:31+00:00 CRITICAL syntax error, unexpected '}' in /home1/devstag1/public_html/CrookedCue/wp-content/themes/crookedcue/core/ajax/ajax.php on line 33

2020-07-07T14:06:36+00:00 CRITICAL syntax error, unexpected '}' in /home1/devstag1/public_html/CrookedCue/wp-content/themes/crookedcue/core/ajax/ajax.php on line 33

2020-07-07T14:06:46+00:00 CRITICAL syntax error, unexpected '}' in /home1/devstag1/public_html/CrookedCue/wp-content/themes/crookedcue/core/ajax/ajax.php on line 33

2020-07-07T14:06:57+00:00 CRITICAL syntax error, unexpected '}' in /home1/devstag1/public_html/CrookedCue/wp-content/themes/crookedcue/core/ajax/ajax.php on line 33

2020-07-07T14:07:16+00:00 CRITICAL syntax error, unexpected '}' in /home1/devstag1/public_html/CrookedCue/wp-content/themes/crookedcue/core/ajax/ajax.php on line 33

2020-07-07T14:07:28+00:00 CRITICAL syntax error, unexpected '}' in /home1/devstag1/public_html/CrookedCue/wp-content/themes/crookedcue/core/ajax/ajax.php on line 33

2020-07-07T14:07:28+00:00 CRITICAL syntax error, unexpected '}' in /home1/devstag1/public_html/CrookedCue/wp-content/themes/crookedcue/core/ajax/ajax.php on line 33

2020-07-07T14:08:32+00:00 CRITICAL syntax error, unexpected '}' in /home1/devstag1/public_html/CrookedCue/wp-content/themes/crookedcue/core/ajax/ajax.php on line 33

2020-07-07T14:09:02+00:00 CRITICAL syntax error, unexpected '}' in /home1/devstag1/public_html/CrookedCue/wp-content/themes/crookedcue/core/ajax/ajax.php on line 33

2020-07-07T14:09:12+00:00 CRITICAL Uncaught Error: Call to undefined function get_the_field() in /home1/devstag1/public_html/CrookedCue/wp-content/themes/crookedcue/core/ajax/ajax.php:17
Stack trace:
#0 /home1/devstag1/public_html/CrookedCue/wp-includes/class-wp-hook.php(287): getlocation('')
#1 /home1/devstag1/public_html/CrookedCue/wp-includes/class-wp-hook.php(311): WP_Hook->apply_filters('', Array)
#2 /home1/devstag1/public_html/CrookedCue/wp-includes/plugin.php(478): WP_Hook->do_action(Array)
#3 /home1/devstag1/public_html/CrookedCue/wp-admin/admin-ajax.php(175): do_action('wp_ajax_getloca...')
#4 {main}
  thrown in /home1/devstag1/public_html/CrookedCue/wp-content/themes/crookedcue/core/ajax/ajax.php on line 17

2020-07-07T14:09:30+00:00 CRITICAL Uncaught Error: Call to undefined function get_the_field() in /home1/devstag1/public_html/CrookedCue/wp-content/themes/crookedcue/core/ajax/ajax.php:17
Stack trace:
#0 /home1/devstag1/public_html/CrookedCue/wp-includes/class-wp-hook.php(287): getlocation('')
#1 /home1/devstag1/public_html/CrookedCue/wp-includes/class-wp-hook.php(311): WP_Hook->apply_filters('', Array)
#2 /home1/devstag1/public_html/CrookedCue/wp-includes/plugin.php(478): WP_Hook->do_action(Array)
#3 /home1/devstag1/public_html/CrookedCue/wp-admin/admin-ajax.php(175): do_action('wp_ajax_getloca...')
#4 {main}
  thrown in /home1/devstag1/public_html/CrookedCue/wp-content/themes/crookedcue/core/ajax/ajax.php on line 17

2020-07-07T14:09:44+00:00 CRITICAL Uncaught Error: Call to undefined function get_the_field() in /home1/devstag1/public_html/CrookedCue/wp-content/themes/crookedcue/core/ajax/ajax.php:17
Stack trace:
#0 /home1/devstag1/public_html/CrookedCue/wp-includes/class-wp-hook.php(287): getlocation('')
#1 /home1/devstag1/public_html/CrookedCue/wp-includes/class-wp-hook.php(311): WP_Hook->apply_filters('', Array)
#2 /home1/devstag1/public_html/CrookedCue/wp-includes/plugin.php(478): WP_Hook->do_action(Array)
#3 /home1/devstag1/public_html/CrookedCue/wp-admin/admin-ajax.php(175): do_action('wp_ajax_getloca...')
#4 {main}
  thrown in /home1/devstag1/public_html/CrookedCue/wp-content/themes/crookedcue/core/ajax/ajax.php on line 17

2020-07-07T14:12:02+00:00 CRITICAL Uncaught Error: Call to undefined function get_the_field() in /home1/devstag1/public_html/CrookedCue/wp-content/themes/crookedcue/core/ajax/ajax.php:19
Stack trace:
#0 /home1/devstag1/public_html/CrookedCue/wp-includes/class-wp-hook.php(287): getlocation('')
#1 /home1/devstag1/public_html/CrookedCue/wp-includes/class-wp-hook.php(311): WP_Hook->apply_filters('', Array)
#2 /home1/devstag1/public_html/CrookedCue/wp-includes/plugin.php(478): WP_Hook->do_action(Array)
#3 /home1/devstag1/public_html/CrookedCue/wp-admin/admin-ajax.php(175): do_action('wp_ajax_getloca...')
#4 {main}
  thrown in /home1/devstag1/public_html/CrookedCue/wp-content/themes/crookedcue/core/ajax/ajax.php on line 19

2020-07-07T14:12:33+00:00 CRITICAL Uncaught Error: Call to undefined function get_the_field() in /home1/devstag1/public_html/CrookedCue/wp-content/themes/crookedcue/core/ajax/ajax.php:19
Stack trace:
#0 /home1/devstag1/public_html/CrookedCue/wp-includes/class-wp-hook.php(287): getlocation('')
#1 /home1/devstag1/public_html/CrookedCue/wp-includes/class-wp-hook.php(311): WP_Hook->apply_filters('', Array)
#2 /home1/devstag1/public_html/CrookedCue/wp-includes/plugin.php(478): WP_Hook->do_action(Array)
#3 /home1/devstag1/public_html/CrookedCue/wp-admin/admin-ajax.php(175): do_action('wp_ajax_getloca...')
#4 {main}
  thrown in /home1/devstag1/public_html/CrookedCue/wp-content/themes/crookedcue/core/ajax/ajax.php on line 19

