2020-07-21T14:01:26+00:00 CRITICAL syntax error, unexpected ''billi' (T_ENCAPSED_AND_WHITESPACE) in /home1/devstag1/public_html/CrookedCue/wp-content/themes/crookedcue/core/custom_functions.php on line 105

2020-07-21T15:13:56+00:00 CRITICAL Uncaught ArgumentCountError: Too few arguments to function example_callback(), 1 passed in /home1/devstag1/public_html/CrookedCue/wp-includes/class-wp-hook.php on line 287 and exactly 3 expected in /home1/devstag1/public_html/CrookedCue/wp-content/themes/crookedcue/core/custom_functions.php:11
Stack trace:
#0 /home1/devstag1/public_html/CrookedCue/wp-includes/class-wp-hook.php(287): example_callback('')
#1 /home1/devstag1/public_html/CrookedCue/wp-includes/class-wp-hook.php(311): WP_Hook->apply_filters(NULL, Array)
#2 /home1/devstag1/public_html/CrookedCue/wp-includes/plugin.php(478): WP_Hook->do_action(Array)
#3 /home1/devstag1/public_html/CrookedCue/wp-content/plugins/woo-quick-view/classes/class.frontend.php(204): do_action('wcqv_product_da...')
#4 /home1/devstag1/public_html/CrookedCue/wp-includes/class-wp-hook.php(287): wcqv_frontend->wcqv_get_product('')
#5 /home1/devstag1/public_html/CrookedCue/wp-includes/class-wp-hook.php(311): WP_Hook->apply_filters('', Array)
#6 /home1/devstag1/public_html/CrookedC in /home1/devstag1/public_html/CrookedCue/wp-content/themes/crookedcue/core/custom_functions.php on line 11

2020-07-21T15:14:22+00:00 CRITICAL Uncaught ArgumentCountError: Too few arguments to function example_callback(), 1 passed in /home1/devstag1/public_html/CrookedCue/wp-includes/class-wp-hook.php on line 287 and exactly 3 expected in /home1/devstag1/public_html/CrookedCue/wp-content/themes/crookedcue/core/custom_functions.php:11
Stack trace:
#0 /home1/devstag1/public_html/CrookedCue/wp-includes/class-wp-hook.php(287): example_callback('')
#1 /home1/devstag1/public_html/CrookedCue/wp-includes/class-wp-hook.php(311): WP_Hook->apply_filters(NULL, Array)
#2 /home1/devstag1/public_html/CrookedCue/wp-includes/plugin.php(478): WP_Hook->do_action(Array)
#3 /home1/devstag1/public_html/CrookedCue/wp-content/plugins/woo-quick-view/classes/class.frontend.php(204): do_action('wcqv_product_da...')
#4 /home1/devstag1/public_html/CrookedCue/wp-includes/class-wp-hook.php(287): wcqv_frontend->wcqv_get_product('')
#5 /home1/devstag1/public_html/CrookedCue/wp-includes/class-wp-hook.php(311): WP_Hook->apply_filters('', Array)
#6 /home1/devstag1/public_html/CrookedC in /home1/devstag1/public_html/CrookedCue/wp-content/themes/crookedcue/core/custom_functions.php on line 11

2020-07-21T18:57:14+00:00 CRITICAL syntax error, unexpected 'echo' (T_ECHO) in /home1/devstag1/public_html/CrookedCue/wp-content/themes/crookedcue/core/ajax/ajax.php on line 51

2020-07-21T18:57:15+00:00 CRITICAL syntax error, unexpected 'echo' (T_ECHO) in /home1/devstag1/public_html/CrookedCue/wp-content/themes/crookedcue/core/ajax/ajax.php on line 51

2020-07-21T18:57:28+00:00 CRITICAL syntax error, unexpected 'echo' (T_ECHO) in /home1/devstag1/public_html/CrookedCue/wp-content/themes/crookedcue/core/ajax/ajax.php on line 51

2020-07-21T18:57:50+00:00 CRITICAL syntax error, unexpected '.' in /home1/devstag1/public_html/CrookedCue/wp-content/themes/crookedcue/core/ajax/ajax.php on line 51

2020-07-21T18:57:51+00:00 CRITICAL syntax error, unexpected '.' in /home1/devstag1/public_html/CrookedCue/wp-content/themes/crookedcue/core/ajax/ajax.php on line 51

